2025-10-30 05:44:28,661 - INFO - Added 10 of apple
2025-10-30 05:44:28,661 - INFO - Added 2 of banana
2025-10-30 05:44:28,661 - INFO - Added 1 of orange
2025-10-30 05:44:28,661 - INFO - Removed item completely: orange
2025-10-30 05:44:28,661 - INFO - Data saved to inventory.json
2025-10-30 05:44:28,661 - INFO - Data loaded from inventory.json
2025-10-30 05:55:55,385 - INFO - Added 10 of apple
2025-10-30 05:55:55,386 - INFO - Added 2 of banana
2025-10-30 05:55:55,386 - INFO - Added 1 of orange
2025-10-30 05:55:55,386 - INFO - Removed item completely: orange
2025-10-30 05:55:55,386 - INFO - Data saved to inventory.json
2025-10-30 05:55:55,387 - INFO - Data loaded from inventory.json
2025-10-30 05:57:54,652 - INFO - Added 10 of apple
2025-10-30 05:57:54,652 - INFO - Added 2 of banana
2025-10-30 05:57:54,652 - INFO - Added 1 of orange
2025-10-30 05:57:54,652 - INFO - Removed item completely: orange
2025-10-30 05:57:54,652 - INFO - Data saved to inventory.json
2025-10-30 05:57:54,653 - INFO - Data loaded from inventory.json
2025-10-30 06:01:03,821 - INFO - Added 10 of apple
2025-10-30 06:01:03,822 - INFO - Added 2 of banana
2025-10-30 06:01:03,822 - INFO - Added 1 of orange
2025-10-30 06:01:03,822 - INFO - Removed item completely: orange
2025-10-30 06:01:03,822 - INFO - Data saved to inventory.json
2025-10-30 06:01:03,822 - INFO - Data loaded from inventory.json
